{
  "stats": {
    "suites": 1,
    "tests": 2,
    "passes": 2,
    "pending": 0,
    "failures": 0,
    "start": "2023-12-04T07:50:26.383Z",
    "end": "2023-12-04T07:50:37.361Z",
    "duration": 10978,
    "testsRegistered": 2,
    "passPercent": 100,
    "pendingPercent": 0,
    "other": 0,
    "hasOther": false,
    "skipped": 0,
    "hasSkipped": false
  },
  "results": [
    {
      "uuid": "13debde9-82b5-436b-80b5-f88f1b550f3c",
      "title": "",
      "fullFile": "cypress/e2e/frontend.cy.ts",
      "file": "cypress/e2e/frontend.cy.ts",
      "beforeHooks": [],
      "afterHooks": [],
      "tests": [],
      "suites": [
        {
          "uuid": "e6427719-f3e4-4c8c-b8d0-21303473290d",
          "title": "template spec",
          "fullFile": "",
          "file": "",
          "beforeHooks": [],
          "afterHooks": [],
          "tests": [
            {
              "title": "Successful Login Test",
              "fullTitle": "template spec Successful Login Test",
              "timedOut": null,
              "duration": 8974,
              "state": "passed",
              "speed": "medium",
              "pass": true,
              "fail": false,
              "pending": false,
              "context": null,
              "code": "cy.fixture(\"example.json\").then((credentials) => {\n    LoginPage_1.LoginPageSheet.successfulLogin(credentials.correctUsername, credentials.correctPassword)\n        .assertSuccessfulLoginMessage().logoutFromWeb();\n});",
              "err": {},
              "uuid": "3dd10601-027c-4c7d-9b08-fb4a05e712a3",
              "parentUUID": "e6427719-f3e4-4c8c-b8d0-21303473290d",
              "isHook": false,
              "skipped": false
            },
            {
              "title": "Failed Login Tests",
              "fullTitle": "template spec Failed Login Tests",
              "timedOut": null,
              "duration": 1948,
              "state": "passed",
              "speed": "fast",
              "pass": true,
              "fail": false,
              "pending": false,
              "context": null,
              "code": "cy.fixture(\"example.json\").then((testValidationData) => {\n    LoginPage_1.LoginPageSheet.assertFailedLogin(testValidationData.incorrectUsername, testValidationData.correctPassword, testValidationData.incorrectUserMessage);\n    LoginPage_1.LoginPageSheet.assertFailedLogin(testValidationData.correctUsername, testValidationData.incorrectUsername, testValidationData.incorrectPasswordMessage);\n});",
              "err": {},
              "uuid": "812934b5-ec36-4081-b25e-52f8ed8d17da",
              "parentUUID": "e6427719-f3e4-4c8c-b8d0-21303473290d",
              "isHook": false,
              "skipped": false
            }
          ],
          "suites": [],
          "passes": [
            "3dd10601-027c-4c7d-9b08-fb4a05e712a3",
            "812934b5-ec36-4081-b25e-52f8ed8d17da"
          ],
          "failures": [],
          "pending": [],
          "skipped": [],
          "duration": 10922,
          "root": false,
          "rootEmpty": false,
          "_timeout": 2000
        }
      ],
      "passes": [],
      "failures": [],
      "pending": [],
      "skipped": [],
      "duration": 0,
      "root": true,
      "rootEmpty": true,
      "_timeout": 2000
    }
  ],
  "meta": {
    "mocha": {
      "version": "7.0.1"
    },
    "mochawesome": {
      "options": {
        "quiet": false,
        "reportFilename": "mochawesome",
        "saveHtml": true,
        "saveJson": true,
        "consoleReporter": "spec",
        "useInlineDiffs": false,
        "code": true
      },
      "version": "7.1.3"
    },
    "marge": {
      "options": {
        "reportDir": "cypress/reports",
        "overwrite": false,
        "html": true,
        "json": true
      },
      "version": "6.2.0"
    }
  }
}